{
  "RSpec": {
    "coverage": {
      "/Users/Pav/Desktop/Makers/Week 10/gilded-rose/spec/gilded_rose_spec.rb": {
        "lines": [
          1,
          null,
          1,
          null,
          1,
          1,
          1,
          1,
          1,
          null,
          null,
          1,
          1,
          1,
          1,
          1,
          1,
          null,
          1,
          1,
          1,
          1,
          null,
          1,
          1,
          1,
          1,
          null,
          null,
          null,
          1,
          1,
          1,
          1,
          1,
          null,
          1,
          1,
          1,
          1,
          null,
          null,
          null,
          1,
          1,
          1,
          1,
          1,
          null,
          1,
          1,
          1,
          1,
          null,
          null,
          null,
          1,
          1,
          1,
          1,
          1,
          null,
          null,
          null,
          1,
          1,
          1,
          1,
          1,
          null,
          1,
          1,
          1,
          1,
          null,
          1,
          1,
          1,
          1,
          null,
          1,
          1,
          1,
          1,
          null,
          null,
          null,
          null,
          1,
          1,
          1,
          1,
          1,
          1,
          null,
          null,
          1,
          1,
          1,
          1,
          1,
          null,
          null,
          null,
          null,
          null
        ]
      },
      "/Users/Pav/Desktop/Makers/Week 10/gilded-rose/lib/gilded_rose.rb": {
        "lines": [
          1,
          null,
          1,
          15,
          null,
          null,
          null,
          null,
          null,
          null,
          null,
          null,
          null,
          null,
          null,
          null,
          null,
          null,
          null,
          null,
          null,
          null,
          null,
          null,
          null,
          null,
          null,
          null,
          null,
          null,
          null,
          null,
          null,
          null,
          null,
          null,
          null,
          null,
          1,
          15,
          15,
          null,
          5,
          5,
          10,
          2,
          2,
          8,
          2,
          2,
          6,
          4,
          4,
          null,
          null,
          null,
          null,
          null,
          1,
          1,
          null,
          1,
          15,
          15,
          15,
          null,
          null,
          1,
          0,
          null,
          null,
          null,
          null,
          1,
          1,
          5,
          null,
          null,
          1,
          5,
          5,
          3,
          3,
          null,
          null,
          null,
          null,
          1,
          1,
          2,
          null,
          null,
          1,
          2,
          2,
          2,
          2,
          null,
          null,
          null,
          null,
          1,
          1,
          2,
          null,
          null,
          1,
          2,
          2,
          null,
          null,
          null,
          1,
          1,
          4,
          null,
          null,
          1,
          4,
          3,
          3,
          3,
          null,
          4,
          4,
          null,
          null
        ]
      }
    },
    "timestamp": 1630671286
  }
}
