{
  "RSpec": {
    "coverage": {
      "/Users/Pav/Desktop/Makers/Week 10/gilded-rose/spec/gilded_rose_spec.rb": {
        "lines": [
          1,
          null,
          1,
          null,
          1,
          1,
          1,
          1,
          1,
          null,
          null,
          1,
          1,
          1,
          1,
          1,
          1,
          null,
          1,
          1,
          1,
          1,
          null,
          1,
          1,
          1,
          1,
          null,
          null,
          null,
          1,
          1,
          1,
          1,
          1,
          null,
          1,
          1,
          1,
          1,
          null,
          null,
          null,
          1,
          1,
          1,
          1,
          1,
          null,
          1,
          1,
          1,
          1,
          null,
          null,
          null,
          1,
          1,
          1,
          1,
          1,
          null,
          null,
          null,
          1,
          1,
          1,
          1,
          1,
          null,
          1,
          1,
          1,
          1,
          null,
          1,
          1,
          1,
          1,
          null,
          1,
          1,
          1,
          1,
          null,
          null,
          null,
          null,
          1,
          1,
          1,
          1,
          1,
          1,
          null,
          null,
          1,
          1,
          1,
          1,
          1,
          null,
          null,
          null,
          null,
          null
        ]
      },
      "/Users/Pav/Desktop/Makers/Week 10/gilded-rose/lib/gilded_rose.rb": {
        "lines": [
          1,
          1,
          1,
          1,
          1,
          1,
          null,
          1,
          null,
          1,
          15,
          null,
          null,
          1,
          15,
          15,
          null,
          2,
          null,
          2,
          null,
          4,
          null,
          2,
          null,
          5,
          null,
          null,
          null,
          null
        ]
      },
      "/Users/Pav/Desktop/Makers/Week 10/gilded-rose/lib/item.rb": {
        "lines": [
          1,
          1,
          null,
          1,
          16,
          16,
          16,
          null,
          null,
          1,
          1,
          null,
          null
        ]
      },
      "/Users/Pav/Desktop/Makers/Week 10/gilded-rose/lib/normal.rb": {
        "lines": [
          1,
          1,
          5,
          null,
          null,
          1,
          5,
          5,
          3,
          3,
          null,
          null,
          null
        ]
      },
      "/Users/Pav/Desktop/Makers/Week 10/gilded-rose/lib/conjured.rb": {
        "lines": [
          1,
          1,
          2,
          null,
          null,
          1,
          2,
          2,
          2,
          2,
          null,
          null,
          null
        ]
      },
      "/Users/Pav/Desktop/Makers/Week 10/gilded-rose/lib/brie.rb": {
        "lines": [
          1,
          1,
          2,
          null,
          null,
          1,
          2,
          2,
          null,
          null
        ]
      },
      "/Users/Pav/Desktop/Makers/Week 10/gilded-rose/lib/sulfuras.rb": {
        "lines": [
          1,
          1,
          2,
          null,
          null,
          1,
          null,
          null
        ]
      },
      "/Users/Pav/Desktop/Makers/Week 10/gilded-rose/lib/backstage.rb": {
        "lines": [
          1,
          1,
          4,
          null,
          null,
          1,
          4,
          3,
          3,
          3,
          null,
          4,
          4,
          null,
          null
        ]
      },
      "/Users/Pav/Desktop/Makers/Week 10/gilded-rose/spec/item_spec.rb": {
        "lines": [
          1,
          null,
          1,
          1,
          1,
          1,
          null,
          1,
          null,
          null,
          null
        ]
      }
    },
    "timestamp": 1633610447
  }
}
